2024-05-25 17:48:55 - root - DEBUG - Configuration loaded: {'tenant_id': '857b431e-fd02-447f-8fb7-32a39290abcf', 'client_id': '0e24dcbb-d286-4dc1-b203-5b0969749f9a', 'client_secret': 'xGl8Q~GherFkKfg4I1EEAvO-u2qNmVopxlXoNa3z', 'source_base_url': 'https://ox2dev.crm4.dynamics.com', 'target_base_url': 'https://ox2dev.crm4.dynamics.com', 'user_mapping': {'old_user_id_1': 'new_generic_user_id', 'default': 'new_generic_user_id'}, 'masking_fields': {'EmployeeTable': ['SocialSecurityNumber', 'PhoneNumber']}, 'batch_config': {'crmk_plant': 1, 'crmk_landobject': 2, 'crmk_item': 3, 'crmk_plant_landobject': 4}}
2024-05-25 17:48:55 - werkzeug - INFO - [31m[1mWARNING: This is a development server. Do not use it in a production deployment. Use a production WSGI server instead.[0m
 * Running on http://127.0.0.1:5000
2024-05-25 17:48:55 - werkzeug - INFO - [31m[1mWARNING: This is a development server. Do not use it in a production deployment. Use a production WSGI server instead.[0m
 * Running on http://127.0.0.1:5000
2024-05-25 17:48:55 - werkzeug - INFO - [33mPress CTRL+C to quit[0m
2024-05-25 17:48:55 - werkzeug - INFO - [33mPress CTRL+C to quit[0m
2024-05-25 17:48:55 - werkzeug - INFO -  * Restarting with stat
2024-05-25 17:48:55 - werkzeug - INFO -  * Restarting with stat
2024-05-25 17:48:56 - root - DEBUG - Configuration loaded: {'tenant_id': '857b431e-fd02-447f-8fb7-32a39290abcf', 'client_id': '0e24dcbb-d286-4dc1-b203-5b0969749f9a', 'client_secret': 'xGl8Q~GherFkKfg4I1EEAvO-u2qNmVopxlXoNa3z', 'source_base_url': 'https://ox2dev.crm4.dynamics.com', 'target_base_url': 'https://ox2dev.crm4.dynamics.com', 'user_mapping': {'old_user_id_1': 'new_generic_user_id', 'default': 'new_generic_user_id'}, 'masking_fields': {'EmployeeTable': ['SocialSecurityNumber', 'PhoneNumber']}, 'batch_config': {'crmk_plant': 1, 'crmk_landobject': 2, 'crmk_item': 3, 'crmk_plant_landobject': 4}}
2024-05-25 17:48:56 - werkzeug - WARNING -  * Debugger is active!
2024-05-25 17:48:56 - werkzeug - WARNING -  * Debugger is active!
2024-05-25 17:48:56 - werkzeug - INFO -  * Debugger PIN: 114-074-633
2024-05-25 17:48:56 - werkzeug - INFO -  * Debugger PIN: 114-074-633
2024-05-25 17:49:09 - werkzeug - INFO - 127.0.0.1 - - [25/May/2024 17:49:09] "GET / HTTP/1.1" 200 -
2024-05-25 17:49:09 - werkzeug - INFO - 127.0.0.1 - - [25/May/2024 17:49:09] "GET / HTTP/1.1" 200 -
2024-05-25 17:49:09 - werkzeug - INFO - 127.0.0.1 - - [25/May/2024 17:49:09] "[36mGET /static/css/style.css HTTP/1.1[0m" 304 -
2024-05-25 17:49:09 - werkzeug - INFO - 127.0.0.1 - - [25/May/2024 17:49:09] "[36mGET /static/css/style.css HTTP/1.1[0m" 304 -
2024-05-25 17:49:09 - werkzeug - INFO - 127.0.0.1 - - [25/May/2024 17:49:09] "[36mGET /static/js/main.js HTTP/1.1[0m" 304 -
2024-05-25 17:49:09 - werkzeug - INFO - 127.0.0.1 - - [25/May/2024 17:49:09] "[36mGET /static/js/main.js HTTP/1.1[0m" 304 -
2024-05-25 17:49:09 - werkzeug - INFO - 127.0.0.1 - - [25/May/2024 17:49:09] "[33mGET /api/queries HTTP/1.1[0m" 404 -
2024-05-25 17:49:09 - werkzeug - INFO - 127.0.0.1 - - [25/May/2024 17:49:09] "[33mGET /api/queries HTTP/1.1[0m" 404 -
2024-05-25 17:49:42 - root - DEBUG - Loaded XML (configurationdata.xml): <fetch>
    <entity name="crmk_plant">
      <attribute name="crmk_projectshortname" />
      <attribute name="crmk_plantid" />
      <attribute name="crmk_primaryname" />
      <filter>
        <condition attribute="crmk_plantid" operator="eq" value="f5073217-2a1e-ed11-b83d-0022489c2e43" uiname="123 testilitest" uitype="crmk_plant" />
      </filter>
      <link-entity name="crmk_item" from="crmk_plantid" to="crmk_plantid" link-type="inner" alias="Item">
        <attribute name="crmk_itemid" />
      </link-entity>
    </entity>
  </fetch>
2024-05-25 17:49:42 - root - DEBUG - Loaded XML (configurationdata.xml): <fetch>
    <entity name="crmk_plant">
      <attribute name="crmk_projectshortname" />
      <attribute name="crmk_plantid" />
      <attribute name="crmk_primaryname" />
      <filter>
        <condition attribute="crmk_plantid" operator="eq" value="f5073217-2a1e-ed11-b83d-0022489c2e43" uiname="123 testilitest" uitype="crmk_plant" />
      </filter>
      <link-entity name="crmk_item" from="crmk_plantid" to="crmk_plantid" link-type="inner" alias="Item">
        <attribute name="crmk_itemid" />
      </link-entity>
    </entity>
  </fetch>
2024-05-25 17:49:42 - migration_scripts.authenticate - DEBUG - Attempting to authenticate to Microsoft Dataverse.
2024-05-25 17:49:42 - migration_scripts.authenticate - DEBUG - Attempting to authenticate to Microsoft Dataverse.
2024-05-25 17:49:42 - urllib3.connectionpool - DEBUG - Starting new HTTPS connection (1): login.microsoftonline.com:443
2024-05-25 17:49:42 - urllib3.connectionpool - DEBUG - Starting new HTTPS connection (1): login.microsoftonline.com:443
2024-05-25 17:49:43 - urllib3.connectionpool - DEBUG - https://login.microsoftonline.com:443 "POST /857b431e-fd02-447f-8fb7-32a39290abcf/oauth2/v2.0/token HTTP/1.1" 200 1361
2024-05-25 17:49:43 - urllib3.connectionpool - DEBUG - https://login.microsoftonline.com:443 "POST /857b431e-fd02-447f-8fb7-32a39290abcf/oauth2/v2.0/token HTTP/1.1" 200 1361
2024-05-25 17:49:43 - migration_scripts.authenticate - INFO - Authentication successful.
2024-05-25 17:49:43 - migration_scripts.authenticate - INFO - Authentication successful.
2024-05-25 17:49:43 - migration_scripts.extract_data_logic - INFO - FetchXML queries loaded successfully.
2024-05-25 17:49:43 - migration_scripts.extract_data_logic - INFO - FetchXML queries loaded successfully.
2024-05-25 17:49:43 - migration_scripts.extract_data_logic - INFO - Fetching configurationdata data using FetchXML.
2024-05-25 17:49:43 - migration_scripts.extract_data_logic - INFO - Fetching configurationdata data using FetchXML.
2024-05-25 17:49:43 - migration_scripts.extract_data_logic - DEBUG - Fetching data for entity 'configurationdata' using URL: https://ox2dev.crm4.dynamics.com/api/data/v9.1/configurationdata?fetchXml=%3Cfetch%3E%0A%20%20%20%20%3Centity%20name%3D%22crmk_plant%22%3E%0A%20%20%20%20%20%20%3Cattribute%20name%3D%22crmk_projectshortname%22%20/%3E%0A%20%20%20%20%20%20%3Cattribute%20name%3D%22crmk_plantid%22%20/%3E%0A%20%20%20%20%20%20%3Cattribute%20name%3D%22crmk_primaryname%22%20/%3E%0A%20%20%20%20%20%20%3Cfilter%3E%0A%20%20%20%20%20%20%20%20%3Ccondition%20attribute%3D%22crmk_plantid%22%20operator%3D%22eq%22%20value%3D%22f5073217-2a1e-ed11-b83d-0022489c2e43%22%20uiname%3D%22123%20testilitest%22%20uitype%3D%22crmk_plant%22%20/%3E%0A%20%20%20%20%20%20%3C/filter%3E%0A%20%20%20%20%20%20%3Clink-entity%20name%3D%22crmk_item%22%20from%3D%22crmk_plantid%22%20to%3D%22crmk_plantid%22%20link-type%3D%22inner%22%20alias%3D%22Item%22%3E%0A%20%20%20%20%20%20%20%20%3Cattribute%20name%3D%22crmk_itemid%22%20/%3E%0A%20%20%20%20%20%20%3C/link-entity%3E%0A%20%20%20%20%3C/entity%3E%0A%20%20%3C/fetch%3E
2024-05-25 17:49:43 - migration_scripts.extract_data_logic - DEBUG - Fetching data for entity 'configurationdata' using URL: https://ox2dev.crm4.dynamics.com/api/data/v9.1/configurationdata?fetchXml=%3Cfetch%3E%0A%20%20%20%20%3Centity%20name%3D%22crmk_plant%22%3E%0A%20%20%20%20%20%20%3Cattribute%20name%3D%22crmk_projectshortname%22%20/%3E%0A%20%20%20%20%20%20%3Cattribute%20name%3D%22crmk_plantid%22%20/%3E%0A%20%20%20%20%20%20%3Cattribute%20name%3D%22crmk_primaryname%22%20/%3E%0A%20%20%20%20%20%20%3Cfilter%3E%0A%20%20%20%20%20%20%20%20%3Ccondition%20attribute%3D%22crmk_plantid%22%20operator%3D%22eq%22%20value%3D%22f5073217-2a1e-ed11-b83d-0022489c2e43%22%20uiname%3D%22123%20testilitest%22%20uitype%3D%22crmk_plant%22%20/%3E%0A%20%20%20%20%20%20%3C/filter%3E%0A%20%20%20%20%20%20%3Clink-entity%20name%3D%22crmk_item%22%20from%3D%22crmk_plantid%22%20to%3D%22crmk_plantid%22%20link-type%3D%22inner%22%20alias%3D%22Item%22%3E%0A%20%20%20%20%20%20%20%20%3Cattribute%20name%3D%22crmk_itemid%22%20/%3E%0A%20%20%20%20%20%20%3C/link-entity%3E%0A%20%20%20%20%3C/entity%3E%0A%20%20%3C/fetch%3E
2024-05-25 17:49:43 - urllib3.connectionpool - DEBUG - Starting new HTTPS connection (1): ox2dev.crm4.dynamics.com:443
2024-05-25 17:49:43 - urllib3.connectionpool - DEBUG - Starting new HTTPS connection (1): ox2dev.crm4.dynamics.com:443
2024-05-25 17:49:44 - urllib3.connectionpool - DEBUG - https://ox2dev.crm4.dynamics.com:443 "GET /api/data/v9.1/configurationdata?fetchXml=%3Cfetch%3E%0A%20%20%20%20%3Centity%20name%3D%22crmk_plant%22%3E%0A%20%20%20%20%20%20%3Cattribute%20name%3D%22crmk_projectshortname%22%20/%3E%0A%20%20%20%20%20%20%3Cattribute%20name%3D%22crmk_plantid%22%20/%3E%0A%20%20%20%20%20%20%3Cattribute%20name%3D%22crmk_primaryname%22%20/%3E%0A%20%20%20%20%20%20%3Cfilter%3E%0A%20%20%20%20%20%20%20%20%3Ccondition%20attribute%3D%22crmk_plantid%22%20operator%3D%22eq%22%20value%3D%22f5073217-2a1e-ed11-b83d-0022489c2e43%22%20uiname%3D%22123%20testilitest%22%20uitype%3D%22crmk_plant%22%20/%3E%0A%20%20%20%20%20%20%3C/filter%3E%0A%20%20%20%20%20%20%3Clink-entity%20name%3D%22crmk_item%22%20from%3D%22crmk_plantid%22%20to%3D%22crmk_plantid%22%20link-type%3D%22inner%22%20alias%3D%22Item%22%3E%0A%20%20%20%20%20%20%20%20%3Cattribute%20name%3D%22crmk_itemid%22%20/%3E%0A%20%20%20%20%20%20%3C/link-entity%3E%0A%20%20%20%20%3C/entity%3E%0A%20%20%3C/fetch%3E HTTP/1.1" 404 99
2024-05-25 17:49:44 - urllib3.connectionpool - DEBUG - https://ox2dev.crm4.dynamics.com:443 "GET /api/data/v9.1/configurationdata?fetchXml=%3Cfetch%3E%0A%20%20%20%20%3Centity%20name%3D%22crmk_plant%22%3E%0A%20%20%20%20%20%20%3Cattribute%20name%3D%22crmk_projectshortname%22%20/%3E%0A%20%20%20%20%20%20%3Cattribute%20name%3D%22crmk_plantid%22%20/%3E%0A%20%20%20%20%20%20%3Cattribute%20name%3D%22crmk_primaryname%22%20/%3E%0A%20%20%20%20%20%20%3Cfilter%3E%0A%20%20%20%20%20%20%20%20%3Ccondition%20attribute%3D%22crmk_plantid%22%20operator%3D%22eq%22%20value%3D%22f5073217-2a1e-ed11-b83d-0022489c2e43%22%20uiname%3D%22123%20testilitest%22%20uitype%3D%22crmk_plant%22%20/%3E%0A%20%20%20%20%20%20%3C/filter%3E%0A%20%20%20%20%20%20%3Clink-entity%20name%3D%22crmk_item%22%20from%3D%22crmk_plantid%22%20to%3D%22crmk_plantid%22%20link-type%3D%22inner%22%20alias%3D%22Item%22%3E%0A%20%20%20%20%20%20%20%20%3Cattribute%20name%3D%22crmk_itemid%22%20/%3E%0A%20%20%20%20%20%20%3C/link-entity%3E%0A%20%20%20%20%3C/entity%3E%0A%20%20%3C/fetch%3E HTTP/1.1" 404 99
2024-05-25 17:49:44 - migration_scripts.extract_data_logic - ERROR - HTTP error fetching data for configurationdata: 404 - {"error":{"code":"0x80060888","message":"Resource not found for the segment 'configurationdata'."}}
Traceback (most recent call last):
  File "C:\Users\KristofferAllåker\ProfDevToCustomer\OX2\DataMigrationProject\app\migration_scripts\extract_data_logic.py", line 66, in fetch_all_data
    response.raise_for_status()  # This will handle HTTP errors
    ^^^^^^^^^^^^^^^^^^^^^^^^^^^
  File "C:\Users\KristofferAllåker\ProfDevToCustomer\OX2\DataMigrationProject\myenv\Lib\site-packages\requests\models.py", line 1021, in raise_for_status
    raise HTTPError(http_error_msg, response=self)
requests.exceptions.HTTPError: 404 Client Error: Not Found for url: https://ox2dev.crm4.dynamics.com/api/data/v9.1/configurationdata?fetchXml=%3Cfetch%3E%0A%20%20%20%20%3Centity%20name%3D%22crmk_plant%22%3E%0A%20%20%20%20%20%20%3Cattribute%20name%3D%22crmk_projectshortname%22%20/%3E%0A%20%20%20%20%20%20%3Cattribute%20name%3D%22crmk_plantid%22%20/%3E%0A%20%20%20%20%20%20%3Cattribute%20name%3D%22crmk_primaryname%22%20/%3E%0A%20%20%20%20%20%20%3Cfilter%3E%0A%20%20%20%20%20%20%20%20%3Ccondition%20attribute%3D%22crmk_plantid%22%20operator%3D%22eq%22%20value%3D%22f5073217-2a1e-ed11-b83d-0022489c2e43%22%20uiname%3D%22123%20testilitest%22%20uitype%3D%22crmk_plant%22%20/%3E%0A%20%20%20%20%20%20%3C/filter%3E%0A%20%20%20%20%20%20%3Clink-entity%20name%3D%22crmk_item%22%20from%3D%22crmk_plantid%22%20to%3D%22crmk_plantid%22%20link-type%3D%22inner%22%20alias%3D%22Item%22%3E%0A%20%20%20%20%20%20%20%20%3Cattribute%20name%3D%22crmk_itemid%22%20/%3E%0A%20%20%20%20%20%20%3C/link-entity%3E%0A%20%20%20%20%3C/entity%3E%0A%20%20%3C/fetch%3E
2024-05-25 17:49:44 - migration_scripts.extract_data_logic - ERROR - HTTP error fetching data for configurationdata: 404 - {"error":{"code":"0x80060888","message":"Resource not found for the segment 'configurationdata'."}}
Traceback (most recent call last):
  File "C:\Users\KristofferAllåker\ProfDevToCustomer\OX2\DataMigrationProject\app\migration_scripts\extract_data_logic.py", line 66, in fetch_all_data
    response.raise_for_status()  # This will handle HTTP errors
    ^^^^^^^^^^^^^^^^^^^^^^^^^^^
  File "C:\Users\KristofferAllåker\ProfDevToCustomer\OX2\DataMigrationProject\myenv\Lib\site-packages\requests\models.py", line 1021, in raise_for_status
    raise HTTPError(http_error_msg, response=self)
requests.exceptions.HTTPError: 404 Client Error: Not Found for url: https://ox2dev.crm4.dynamics.com/api/data/v9.1/configurationdata?fetchXml=%3Cfetch%3E%0A%20%20%20%20%3Centity%20name%3D%22crmk_plant%22%3E%0A%20%20%20%20%20%20%3Cattribute%20name%3D%22crmk_projectshortname%22%20/%3E%0A%20%20%20%20%20%20%3Cattribute%20name%3D%22crmk_plantid%22%20/%3E%0A%20%20%20%20%20%20%3Cattribute%20name%3D%22crmk_primaryname%22%20/%3E%0A%20%20%20%20%20%20%3Cfilter%3E%0A%20%20%20%20%20%20%20%20%3Ccondition%20attribute%3D%22crmk_plantid%22%20operator%3D%22eq%22%20value%3D%22f5073217-2a1e-ed11-b83d-0022489c2e43%22%20uiname%3D%22123%20testilitest%22%20uitype%3D%22crmk_plant%22%20/%3E%0A%20%20%20%20%20%20%3C/filter%3E%0A%20%20%20%20%20%20%3Clink-entity%20name%3D%22crmk_item%22%20from%3D%22crmk_plantid%22%20to%3D%22crmk_plantid%22%20link-type%3D%22inner%22%20alias%3D%22Item%22%3E%0A%20%20%20%20%20%20%20%20%3Cattribute%20name%3D%22crmk_itemid%22%20/%3E%0A%20%20%20%20%20%20%3C/link-entity%3E%0A%20%20%20%20%3C/entity%3E%0A%20%20%3C/fetch%3E
2024-05-25 17:49:44 - migration_scripts.extract_data_logic - INFO - Fetching plants data using FetchXML.
2024-05-25 17:49:44 - migration_scripts.extract_data_logic - INFO - Fetching plants data using FetchXML.
2024-05-25 17:49:44 - migration_scripts.extract_data_logic - DEBUG - Fetching data for entity 'plants' using URL: https://ox2dev.crm4.dynamics.com/api/data/v9.1/plants?fetchXml=%3Cfetch%3E%0A%20%20%20%20%3Centity%20name%3D%22crmk_plant%22%3E%0A%20%20%20%20%20%20%3Cattribute%20name%3D%22crmk_projectshortname%22%20/%3E%0A%20%20%20%20%20%20%3Cattribute%20name%3D%22crmk_plantid%22%20/%3E%0A%20%20%20%20%20%20%3Cattribute%20name%3D%22crmk_primaryname%22%20/%3E%0A%20%20%20%20%20%20%3Cfilter%3E%0A%20%20%20%20%20%20%20%20%3Ccondition%20attribute%3D%22crmk_plantid%22%20operator%3D%22eq%22%20value%3D%22f5073217-2a1e-ed11-b83d-0022489c2e43%22%20/%3E%0A%20%20%20%20%20%20%3C/filter%3E%0A%20%20%20%20%20%20%3Clink-entity%20name%3D%22crmk_plant_landobject%22%20from%3D%22crmk_landobjectid%22%20to%3D%22crmk_plantid%22%20link-type%3D%22outer%22%20alias%3D%22Relation%22%20intersect%3D%22true%22%20/%3E%0A%20%20%20%20%20%20%3Clink-entity%20name%3D%22crmk_plant_landobject%22%20from%3D%22crmk_plantid%22%20to%3D%22crmk_plantid%22%20intersect%3D%22true%22%3E%0A%20%20%20%20%20%20%20%20%3Clink-entity%20name%3D%22crmk_landobject%22%20from%3D%22crmk_landobjectid%22%20to%3D%22crmk_landobjectid%22%20alias%3D%22LandObject%22%20intersect%3D%22true%22%3E%0A%20%20%20%20%20%20%20%20%20%20%3Cattribute%20name%3D%22crmk_denominationname%22%20/%3E%0A%20%20%20%20%20%20%20%20%3C/link-entity%3E%0A%20%20%20%20%20%20%3C/link-entity%3E%0A%20%20%20%20%3C/entity%3E%0A%20%20%3C/fetch%3E
2024-05-25 17:49:44 - migration_scripts.extract_data_logic - DEBUG - Fetching data for entity 'plants' using URL: https://ox2dev.crm4.dynamics.com/api/data/v9.1/plants?fetchXml=%3Cfetch%3E%0A%20%20%20%20%3Centity%20name%3D%22crmk_plant%22%3E%0A%20%20%20%20%20%20%3Cattribute%20name%3D%22crmk_projectshortname%22%20/%3E%0A%20%20%20%20%20%20%3Cattribute%20name%3D%22crmk_plantid%22%20/%3E%0A%20%20%20%20%20%20%3Cattribute%20name%3D%22crmk_primaryname%22%20/%3E%0A%20%20%20%20%20%20%3Cfilter%3E%0A%20%20%20%20%20%20%20%20%3Ccondition%20attribute%3D%22crmk_plantid%22%20operator%3D%22eq%22%20value%3D%22f5073217-2a1e-ed11-b83d-0022489c2e43%22%20/%3E%0A%20%20%20%20%20%20%3C/filter%3E%0A%20%20%20%20%20%20%3Clink-entity%20name%3D%22crmk_plant_landobject%22%20from%3D%22crmk_landobjectid%22%20to%3D%22crmk_plantid%22%20link-type%3D%22outer%22%20alias%3D%22Relation%22%20intersect%3D%22true%22%20/%3E%0A%20%20%20%20%20%20%3Clink-entity%20name%3D%22crmk_plant_landobject%22%20from%3D%22crmk_plantid%22%20to%3D%22crmk_plantid%22%20intersect%3D%22true%22%3E%0A%20%20%20%20%20%20%20%20%3Clink-entity%20name%3D%22crmk_landobject%22%20from%3D%22crmk_landobjectid%22%20to%3D%22crmk_landobjectid%22%20alias%3D%22LandObject%22%20intersect%3D%22true%22%3E%0A%20%20%20%20%20%20%20%20%20%20%3Cattribute%20name%3D%22crmk_denominationname%22%20/%3E%0A%20%20%20%20%20%20%20%20%3C/link-entity%3E%0A%20%20%20%20%20%20%3C/link-entity%3E%0A%20%20%20%20%3C/entity%3E%0A%20%20%3C/fetch%3E
2024-05-25 17:49:44 - urllib3.connectionpool - DEBUG - Starting new HTTPS connection (1): ox2dev.crm4.dynamics.com:443
2024-05-25 17:49:44 - urllib3.connectionpool - DEBUG - Starting new HTTPS connection (1): ox2dev.crm4.dynamics.com:443
2024-05-25 17:49:44 - urllib3.connectionpool - DEBUG - https://ox2dev.crm4.dynamics.com:443 "GET /api/data/v9.1/plants?fetchXml=%3Cfetch%3E%0A%20%20%20%20%3Centity%20name%3D%22crmk_plant%22%3E%0A%20%20%20%20%20%20%3Cattribute%20name%3D%22crmk_projectshortname%22%20/%3E%0A%20%20%20%20%20%20%3Cattribute%20name%3D%22crmk_plantid%22%20/%3E%0A%20%20%20%20%20%20%3Cattribute%20name%3D%22crmk_primaryname%22%20/%3E%0A%20%20%20%20%20%20%3Cfilter%3E%0A%20%20%20%20%20%20%20%20%3Ccondition%20attribute%3D%22crmk_plantid%22%20operator%3D%22eq%22%20value%3D%22f5073217-2a1e-ed11-b83d-0022489c2e43%22%20/%3E%0A%20%20%20%20%20%20%3C/filter%3E%0A%20%20%20%20%20%20%3Clink-entity%20name%3D%22crmk_plant_landobject%22%20from%3D%22crmk_landobjectid%22%20to%3D%22crmk_plantid%22%20link-type%3D%22outer%22%20alias%3D%22Relation%22%20intersect%3D%22true%22%20/%3E%0A%20%20%20%20%20%20%3Clink-entity%20name%3D%22crmk_plant_landobject%22%20from%3D%22crmk_plantid%22%20to%3D%22crmk_plantid%22%20intersect%3D%22true%22%3E%0A%20%20%20%20%20%20%20%20%3Clink-entity%20name%3D%22crmk_landobject%22%20from%3D%22crmk_landobjectid%22%20to%3D%22crmk_landobjectid%22%20alias%3D%22LandObject%22%20intersect%3D%22true%22%3E%0A%20%20%20%20%20%20%20%20%20%20%3Cattribute%20name%3D%22crmk_denominationname%22%20/%3E%0A%20%20%20%20%20%20%20%20%3C/link-entity%3E%0A%20%20%20%20%20%20%3C/link-entity%3E%0A%20%20%20%20%3C/entity%3E%0A%20%20%3C/fetch%3E HTTP/1.1" 404 88
2024-05-25 17:49:44 - urllib3.connectionpool - DEBUG - https://ox2dev.crm4.dynamics.com:443 "GET /api/data/v9.1/plants?fetchXml=%3Cfetch%3E%0A%20%20%20%20%3Centity%20name%3D%22crmk_plant%22%3E%0A%20%20%20%20%20%20%3Cattribute%20name%3D%22crmk_projectshortname%22%20/%3E%0A%20%20%20%20%20%20%3Cattribute%20name%3D%22crmk_plantid%22%20/%3E%0A%20%20%20%20%20%20%3Cattribute%20name%3D%22crmk_primaryname%22%20/%3E%0A%20%20%20%20%20%20%3Cfilter%3E%0A%20%20%20%20%20%20%20%20%3Ccondition%20attribute%3D%22crmk_plantid%22%20operator%3D%22eq%22%20value%3D%22f5073217-2a1e-ed11-b83d-0022489c2e43%22%20/%3E%0A%20%20%20%20%20%20%3C/filter%3E%0A%20%20%20%20%20%20%3Clink-entity%20name%3D%22crmk_plant_landobject%22%20from%3D%22crmk_landobjectid%22%20to%3D%22crmk_plantid%22%20link-type%3D%22outer%22%20alias%3D%22Relation%22%20intersect%3D%22true%22%20/%3E%0A%20%20%20%20%20%20%3Clink-entity%20name%3D%22crmk_plant_landobject%22%20from%3D%22crmk_plantid%22%20to%3D%22crmk_plantid%22%20intersect%3D%22true%22%3E%0A%20%20%20%20%20%20%20%20%3Clink-entity%20name%3D%22crmk_landobject%22%20from%3D%22crmk_landobjectid%22%20to%3D%22crmk_landobjectid%22%20alias%3D%22LandObject%22%20intersect%3D%22true%22%3E%0A%20%20%20%20%20%20%20%20%20%20%3Cattribute%20name%3D%22crmk_denominationname%22%20/%3E%0A%20%20%20%20%20%20%20%20%3C/link-entity%3E%0A%20%20%20%20%20%20%3C/link-entity%3E%0A%20%20%20%20%3C/entity%3E%0A%20%20%3C/fetch%3E HTTP/1.1" 404 88
2024-05-25 17:49:44 - migration_scripts.extract_data_logic - ERROR - HTTP error fetching data for plants: 404 - {"error":{"code":"0x80060888","message":"Resource not found for the segment 'plants'."}}
Traceback (most recent call last):
  File "C:\Users\KristofferAllåker\ProfDevToCustomer\OX2\DataMigrationProject\app\migration_scripts\extract_data_logic.py", line 66, in fetch_all_data
    response.raise_for_status()  # This will handle HTTP errors
    ^^^^^^^^^^^^^^^^^^^^^^^^^^^
  File "C:\Users\KristofferAllåker\ProfDevToCustomer\OX2\DataMigrationProject\myenv\Lib\site-packages\requests\models.py", line 1021, in raise_for_status
    raise HTTPError(http_error_msg, response=self)
requests.exceptions.HTTPError: 404 Client Error: Not Found for url: https://ox2dev.crm4.dynamics.com/api/data/v9.1/plants?fetchXml=%3Cfetch%3E%0A%20%20%20%20%3Centity%20name%3D%22crmk_plant%22%3E%0A%20%20%20%20%20%20%3Cattribute%20name%3D%22crmk_projectshortname%22%20/%3E%0A%20%20%20%20%20%20%3Cattribute%20name%3D%22crmk_plantid%22%20/%3E%0A%20%20%20%20%20%20%3Cattribute%20name%3D%22crmk_primaryname%22%20/%3E%0A%20%20%20%20%20%20%3Cfilter%3E%0A%20%20%20%20%20%20%20%20%3Ccondition%20attribute%3D%22crmk_plantid%22%20operator%3D%22eq%22%20value%3D%22f5073217-2a1e-ed11-b83d-0022489c2e43%22%20/%3E%0A%20%20%20%20%20%20%3C/filter%3E%0A%20%20%20%20%20%20%3Clink-entity%20name%3D%22crmk_plant_landobject%22%20from%3D%22crmk_landobjectid%22%20to%3D%22crmk_plantid%22%20link-type%3D%22outer%22%20alias%3D%22Relation%22%20intersect%3D%22true%22%20/%3E%0A%20%20%20%20%20%20%3Clink-entity%20name%3D%22crmk_plant_landobject%22%20from%3D%22crmk_plantid%22%20to%3D%22crmk_plantid%22%20intersect%3D%22true%22%3E%0A%20%20%20%20%20%20%20%20%3Clink-entity%20name%3D%22crmk_landobject%22%20from%3D%22crmk_landobjectid%22%20to%3D%22crmk_landobjectid%22%20alias%3D%22LandObject%22%20intersect%3D%22true%22%3E%0A%20%20%20%20%20%20%20%20%20%20%3Cattribute%20name%3D%22crmk_denominationname%22%20/%3E%0A%20%20%20%20%20%20%20%20%3C/link-entity%3E%0A%20%20%20%20%20%20%3C/link-entity%3E%0A%20%20%20%20%3C/entity%3E%0A%20%20%3C/fetch%3E
2024-05-25 17:49:44 - migration_scripts.extract_data_logic - ERROR - HTTP error fetching data for plants: 404 - {"error":{"code":"0x80060888","message":"Resource not found for the segment 'plants'."}}
Traceback (most recent call last):
  File "C:\Users\KristofferAllåker\ProfDevToCustomer\OX2\DataMigrationProject\app\migration_scripts\extract_data_logic.py", line 66, in fetch_all_data
    response.raise_for_status()  # This will handle HTTP errors
    ^^^^^^^^^^^^^^^^^^^^^^^^^^^
  File "C:\Users\KristofferAllåker\ProfDevToCustomer\OX2\DataMigrationProject\myenv\Lib\site-packages\requests\models.py", line 1021, in raise_for_status
    raise HTTPError(http_error_msg, response=self)
requests.exceptions.HTTPError: 404 Client Error: Not Found for url: https://ox2dev.crm4.dynamics.com/api/data/v9.1/plants?fetchXml=%3Cfetch%3E%0A%20%20%20%20%3Centity%20name%3D%22crmk_plant%22%3E%0A%20%20%20%20%20%20%3Cattribute%20name%3D%22crmk_projectshortname%22%20/%3E%0A%20%20%20%20%20%20%3Cattribute%20name%3D%22crmk_plantid%22%20/%3E%0A%20%20%20%20%20%20%3Cattribute%20name%3D%22crmk_primaryname%22%20/%3E%0A%20%20%20%20%20%20%3Cfilter%3E%0A%20%20%20%20%20%20%20%20%3Ccondition%20attribute%3D%22crmk_plantid%22%20operator%3D%22eq%22%20value%3D%22f5073217-2a1e-ed11-b83d-0022489c2e43%22%20/%3E%0A%20%20%20%20%20%20%3C/filter%3E%0A%20%20%20%20%20%20%3Clink-entity%20name%3D%22crmk_plant_landobject%22%20from%3D%22crmk_landobjectid%22%20to%3D%22crmk_plantid%22%20link-type%3D%22outer%22%20alias%3D%22Relation%22%20intersect%3D%22true%22%20/%3E%0A%20%20%20%20%20%20%3Clink-entity%20name%3D%22crmk_plant_landobject%22%20from%3D%22crmk_plantid%22%20to%3D%22crmk_plantid%22%20intersect%3D%22true%22%3E%0A%20%20%20%20%20%20%20%20%3Clink-entity%20name%3D%22crmk_landobject%22%20from%3D%22crmk_landobjectid%22%20to%3D%22crmk_landobjectid%22%20alias%3D%22LandObject%22%20intersect%3D%22true%22%3E%0A%20%20%20%20%20%20%20%20%20%20%3Cattribute%20name%3D%22crmk_denominationname%22%20/%3E%0A%20%20%20%20%20%20%20%20%3C/link-entity%3E%0A%20%20%20%20%20%20%3C/link-entity%3E%0A%20%20%20%20%3C/entity%3E%0A%20%20%3C/fetch%3E
2024-05-25 17:49:44 - root - DEBUG - Migration results: {'success': 0, 'failed': 0, 'errors': []}
2024-05-25 17:49:44 - root - DEBUG - Migration results: {'success': 0, 'failed': 0, 'errors': []}
2024-05-25 17:49:44 - werkzeug - INFO - 127.0.0.1 - - [25/May/2024 17:49:44] "POST /migrate HTTP/1.1" 200 -
2024-05-25 17:49:44 - werkzeug - INFO - 127.0.0.1 - - [25/May/2024 17:49:44] "POST /migrate HTTP/1.1" 200 -
2024-05-25 17:54:24 - werkzeug - INFO -  * Detected change in 'C:\\Users\\KristofferAllåker\\ProfDevToCustomer\\OX2\\DataMigrationProject\\app\\app.py', reloading
2024-05-25 17:54:24 - werkzeug - INFO -  * Detected change in 'C:\\Users\\KristofferAllåker\\ProfDevToCustomer\\OX2\\DataMigrationProject\\app\\app.py', reloading
2024-05-25 17:54:24 - werkzeug - INFO -  * Restarting with stat
2024-05-25 17:54:24 - werkzeug - INFO -  * Restarting with stat
2024-05-25 17:54:24 - werkzeug - INFO -  * Detected change in 'c:\\Users\\KristofferAllåker\\ProfDevToCustomer\\OX2\\DataMigrationProject\\app\\app.py', reloading
2024-05-25 17:54:24 - werkzeug - INFO -  * Detected change in 'c:\\Users\\KristofferAllåker\\ProfDevToCustomer\\OX2\\DataMigrationProject\\app\\app.py', reloading
2024-05-25 17:54:24 - werkzeug - INFO -  * Restarting with stat
2024-05-25 17:54:24 - werkzeug - INFO -  * Restarting with stat
